<?xml version="1.0" encoding="UTF-8"?>
<!-- Generated by org.testng.reporters.JUnitXMLReporter -->
<testsuite ignored="0" hostname="DESKTOP-VFA3M3H" failures="1" tests="2" name="Error Validation Test" time="17.68" errors="0" timestamp="2025-05-15T21:18:36 IST">
  <testcase classname="RSA2_Framework.ErrorValidationTest" name="ErrorValidation" time="3.397"/>
  <testcase classname="RSA2_Framework.ErrorValidationTest" name="ErrorVerify" time="2.198">
    <failure type="java.lang.AssertionError" message="expected [Incorrect email or password.] but found [Incorrect emai or password.]">
      <![CDATA[java.lang.AssertionError: expected [Incorrect email or password.] but found [Incorrect emai or password.]
at RSA2_Framework.ErrorValidationTest.ErrorVerify(ErrorValidationTest.java:32)
at java.base/java.util.ArrayList.forEach(ArrayList.java:1511)
at java.base/java.util.concurrent.FutureTask.run(FutureTask.java:317)
at java.base/java.util.concurrent.ThreadPoolExecutor.runWorker(ThreadPoolExecutor.java:1144)
at java.base/java.util.concurrent.ThreadPoolExecutor$Worker.run(ThreadPoolExecutor.java:642)
at java.base/java.lang.Thread.run(Thread.java:1623)
... Removed 21 stack frames]]>
    </failure>
  </testcase> <!-- ErrorVerify -->
</testsuite> <!-- Error Validation Test -->
